Reading file ass4w4.pls ....Please wait

Printing input buffer parameters:

The capacity of the buffer is:  418
The current size of the buffer is:  417

Printing input buffer contents:

!<This program contains syntax errors
!<Addition to Murphy's laws:
!<"In nature, nothing is ever right. Therefore,
!<if everything is going right ... something is wrong."

PLATYPUS{
  USING(a=a,a == b * c,c=c)REPEAT{
   IF()THEN a=b<>c; ELSE ELSE{};
    USING(a=a,good% <> "a",)REPEAT{};
    a = (a  badLong89%) + (good badLong89) * (good 7.);
   };
  IF (c > 0)THEN ELSE{};
  OUTPUT("Imagine all the scanners );
 }
}

Parsing the source file...

PLATY: Opt_statements parsed
PLATY: Syntax error:  Line:  7
*****  Token code: 16 Attribute: USING
PLATY: Program parsed
PLATY: Syntax error:  Line:  8
*****  Token code: 18 Attribute: NA
PLATY: Source file parsed

Syntax errors: 2

Collecting garbage...
